Build started 12/07/16 5:36:55 PM.
     1>Project "C:\Users\Nick\Documents\Humber Game\year 3\NYXEngine\Test\Test.vcxproj" on node 2 (Build target(s)).
     1>ClCompile:
         C:\Program Files (x86)\Microsoft Visual Studio 14.0\VC\bin\CL.exe /c /I"C:\Users\Nick\Documents\Humber Game\year 3\NYXEngine\NYXEngine" /I"C:\Users\Nick\Documents\Humber Game\year 3\NYXEngine\Include" /ZI /nologo /W3 /WX- /sdl /Od /Oy- /D _MBCS /Gm /EHsc /RTC1 /MDd /GS /fp:precise /Zc:wchar_t /Zc:forScope /Zc:inline /Fo"Debug\\" /Fd"Debug\vc140.pdb" /Gd /TP /analyze- /errorReport:prompt Main.cpp
         Main.cpp
       Link:
         C:\Program Files (x86)\Microsoft Visual Studio 14.0\VC\bin\link.exe /ERRORREPORT:PROMPT /OUT:"C:\Users\Nick\Documents\Humber Game\year 3\NYXEngine\Debug\Test.exe" /INCREMENTAL /NOLOGO /LIBPATH:"C:\Users\Nick\Documents\Humber Game\year 3\NYXEngine\\Debug" /LIBPATH:"C:\Users\Nick\Documents\Humber Game\year 3\NYXEngine\Include\SDL\lib\x86" /LIBPATH:"C:\Users\Nick\Documents\Humber Game\year 3\NYXEngine\Include\OpenGL\lib" NYXEngine.lib SDL2.lib SDL2main.lib freeglutd.lib glew32.lib opengl32.lib glu32.lib kernel32.lib user32.lib gdi32.lib winspool.lib comdlg32.lib advapi32.lib shell32.lib ole32.lib oleaut32.lib uuid.lib odbc32.lib odbccp32.lib /MANIFEST /MANIFESTUAC:"level='asInvoker' uiAccess='false'" /manifest:embed /Debug /PDB:"C:\Users\Nick\Documents\Humber Game\year 3\NYXEngine\Debug\Test.pdb" /SUBSYSTEM:CONSOLE /TLBID:1 /DYNAMICBASE /NXCOMPAT /IMPLIB:"C:\Users\Nick\Documents\Humber Game\year 3\NYXEngine\Debug\Test.lib" /MACHINE:X86 Debug\Main.obj
     1>glew32.lib(glew32.dll) : error LNK2005: _glewInit@0 already defined in NYXEngine.lib(glew.obj)
     1>LINK : warning LNK4098: defaultlib 'LIBCMT' conflicts with use of other libs; use /NODEFAULTLIB:library
     1>C:\Users\Nick\Documents\Humber Game\year 3\NYXEngine\Debug\Test.exe : fatal error LNK1169: one or more multiply defined symbols found
     1>Done Building Project "C:\Users\Nick\Documents\Humber Game\year 3\NYXEngine\Test\Test.vcxproj" (Build target(s)) -- FAILED.

Build FAILED.

Time Elapsed 00:00:01.18
